# Logfile created on 2020-10-18 07:05:13 +0300 by logger.rb/v1.4.2
  INFO ---------------------------------------------------------------------------
  INFO START 2020-10-18 07:05:13 +0300 cap production deploy
  INFO ---------------------------------------------------------------------------
  INFO [4fb9f979] Running /usr/bin/env mkdir -p /tmp as frederick@psm.hsemanagementsoftware.com
 DEBUG [4fb9f979] Command: /usr/bin/env mkdir -p /tmp
  INFO [4fb9f979] Finished in 7.753 seconds with exit status 0 (successful).
 DEBUG Uploading /tmp/git-ssh-cafrecode-production-frederick.sh 0.0%
  INFO Uploading /tmp/git-ssh-cafrecode-production-frederick.sh 100.0%
  INFO [00cff8e3] Running /usr/bin/env chmod 700 /tmp/git-ssh-cafrecode-production-frederick.sh as frederick@psm.hsemanagementsoftware.com
 DEBUG [00cff8e3] Command: /usr/bin/env chmod 700 /tmp/git-ssh-cafrecode-production-frederick.sh
  INFO [00cff8e3] Finished in 1.433 seconds with exit status 0 (successful).
  INFO [9f66f5fc] Running /usr/bin/env git ls-remote git@github.com:nightcrawler-/nightcrawler-.github.io.git HEAD as frederick@psm.hsemanagementsoftware.com
 DEBUG [9f66f5fc] Command: ( export GIT_ASKPASS="/bin/echo" GIT_SSH="/tmp/git-ssh-cafrecode-production-frederick.sh" ; /usr/bin/env git ls-remote git@github.com:nightcrawler-/nightcrawler-.github.io.git HEAD )
 DEBUG [9f66f5fc] 	a11786a379e404b85b8334ce4237db5155e478ed	HEAD
  INFO [9f66f5fc] Finished in 6.423 seconds with exit status 0 (successful).
  INFO [1c1b8149] Running /usr/bin/env mkdir -p /var/www/cafrecode/shared /var/www/cafrecode/releases as frederick@psm.hsemanagementsoftware.com
 DEBUG [1c1b8149] Command: /usr/bin/env mkdir -p /var/www/cafrecode/shared /var/www/cafrecode/releases
 DEBUG [1c1b8149] 	mkdir: cannot create directory '/var/www/cafrecode': Permission denied
mkdir: cannot create directory '/var/www/cafrecode': Permission denied
  INFO ---------------------------------------------------------------------------
  INFO START 2020-10-18 07:11:23 +0300 cap production deploy
  INFO ---------------------------------------------------------------------------
  INFO [5446f34a] Running /usr/bin/env mkdir -p /tmp as frederick@psm.hsemanagementsoftware.com
 DEBUG [5446f34a] Command: /usr/bin/env mkdir -p /tmp
  INFO [5446f34a] Finished in 5.612 seconds with exit status 0 (successful).
 DEBUG Uploading /tmp/git-ssh-cafrecode-production-frederick.sh 0.0%
  INFO Uploading /tmp/git-ssh-cafrecode-production-frederick.sh 100.0%
  INFO [9e742c8f] Running /usr/bin/env chmod 700 /tmp/git-ssh-cafrecode-production-frederick.sh as frederick@psm.hsemanagementsoftware.com
 DEBUG [9e742c8f] Command: /usr/bin/env chmod 700 /tmp/git-ssh-cafrecode-production-frederick.sh
  INFO [9e742c8f] Finished in 1.228 seconds with exit status 0 (successful).
  INFO [36f6ad2b] Running /usr/bin/env git ls-remote git@github.com:nightcrawler-/nightcrawler-.github.io.git HEAD as frederick@psm.hsemanagementsoftware.com
 DEBUG [36f6ad2b] Command: ( export GIT_ASKPASS="/bin/echo" GIT_SSH="/tmp/git-ssh-cafrecode-production-frederick.sh" ; /usr/bin/env git ls-remote git@github.com:nightcrawler-/nightcrawler-.github.io.git HEAD )
 DEBUG [36f6ad2b] 	a11786a379e404b85b8334ce4237db5155e478ed	HEAD
  INFO [36f6ad2b] Finished in 12.119 seconds with exit status 0 (successful).
  INFO [48ad6385] Running /usr/bin/env mkdir -p /home/frederick/sites/cafrecode/shared /home/frederick/sites/cafrecode/releases as frederick@psm.hsemanagementsoftware.com
 DEBUG [48ad6385] Command: /usr/bin/env mkdir -p /home/frederick/sites/cafrecode/shared /home/frederick/sites/cafrecode/releases
  INFO [48ad6385] Finished in 4.468 seconds with exit status 0 (successful).
 DEBUG [ccab0b8c] Running [ -f /home/frederick/sites/cafrecode/current/REVISION ] as frederick@psm.hsemanagementsoftware.com
 DEBUG [ccab0b8c] Command: [ -f /home/frederick/sites/cafrecode/current/REVISION ]
 DEBUG [ccab0b8c] Finished in 4.505 seconds with exit status 1 (failed).
 DEBUG [a3f58f7f] Running [ -f /home/frederick/sites/cafrecode/repo/HEAD ] as frederick@psm.hsemanagementsoftware.com
 DEBUG [a3f58f7f] Command: [ -f /home/frederick/sites/cafrecode/repo/HEAD ]
 DEBUG [a3f58f7f] Finished in 9.798 seconds with exit status 1 (failed).
 DEBUG [2fe2e526] Running if test ! -d /home/frederick/sites/cafrecode; then echo "Directory does not exist '/home/frederick/sites/cafrecode'" 1>&2; false; fi as frederick@psm.hsemanagementsoftware.com
 DEBUG [2fe2e526] Command: if test ! -d /home/frederick/sites/cafrecode; then echo "Directory does not exist '/home/frederick/sites/cafrecode'" 1>&2; false; fi
 DEBUG [2fe2e526] Finished in 3.103 seconds with exit status 0 (successful).
  INFO [6af2b83b] Running /usr/bin/env git clone --mirror git@github.com:nightcrawler-/nightcrawler-.github.io.git /home/frederick/sites/cafrecode/repo as frederick@psm.hsemanagementsoftware.com
 DEBUG [6af2b83b] Command: cd /home/frederick/sites/cafrecode && ( export GIT_ASKPASS="/bin/echo" GIT_SSH="/tmp/git-ssh-cafrecode-production-frederick.sh" ; /usr/bin/env git clone --mirror git@github.com:nightcrawler-/nightcrawler-.github.io.git /home/frederick/sites/cafrecode/repo )
 DEBUG [6af2b83b] 	Cloning into bare repository '/home/frederick/sites/cafrecode/repo'...
  INFO [6af2b83b] Finished in 5.812 seconds with exit status 0 (successful).
 DEBUG [a85f897f] Running if test ! -d /home/frederick/sites/cafrecode/repo; then echo "Directory does not exist '/home/frederick/sites/cafrecode/repo'" 1>&2; false; fi as frederick@psm.hsemanagementsoftware.com
 DEBUG [a85f897f] Command: if test ! -d /home/frederick/sites/cafrecode/repo; then echo "Directory does not exist '/home/frederick/sites/cafrecode/repo'" 1>&2; false; fi
 DEBUG [a85f897f] Finished in 4.559 seconds with exit status 0 (successful).
  INFO [e21aed49] Running /usr/bin/env git remote set-url origin git@github.com:nightcrawler-/nightcrawler-.github.io.git as frederick@psm.hsemanagementsoftware.com
 DEBUG [e21aed49] Command: cd /home/frederick/sites/cafrecode/repo && ( export GIT_ASKPASS="/bin/echo" GIT_SSH="/tmp/git-ssh-cafrecode-production-frederick.sh" ; /usr/bin/env git remote set-url origin git@github.com:nightcrawler-/nightcrawler-.github.io.git )
  INFO [e21aed49] Finished in 1.112 seconds with exit status 0 (successful).
  INFO [1283d815] Running /usr/bin/env git remote update --prune as frederick@psm.hsemanagementsoftware.com
 DEBUG [1283d815] Command: cd /home/frederick/sites/cafrecode/repo && ( export GIT_ASKPASS="/bin/echo" GIT_SSH="/tmp/git-ssh-cafrecode-production-frederick.sh" ; /usr/bin/env git remote update --prune )
 DEBUG [1283d815] 	Fetching origin
  INFO [1283d815] Finished in 2.897 seconds with exit status 0 (successful).
 DEBUG [a189e6bc] Running if test ! -d /home/frederick/sites/cafrecode/repo; then echo "Directory does not exist '/home/frederick/sites/cafrecode/repo'" 1>&2; false; fi as frederick@psm.hsemanagementsoftware.com
 DEBUG [a189e6bc] Command: if test ! -d /home/frederick/sites/cafrecode/repo; then echo "Directory does not exist '/home/frederick/sites/cafrecode/repo'" 1>&2; false; fi
 DEBUG [a189e6bc] Finished in 4.353 seconds with exit status 0 (successful).
  INFO [1bae4c67] Running /usr/bin/env mkdir -p /home/frederick/sites/cafrecode/releases/20201018041153 as frederick@psm.hsemanagementsoftware.com
 DEBUG [1bae4c67] Command: cd /home/frederick/sites/cafrecode/repo && ( export GIT_ASKPASS="/bin/echo" GIT_SSH="/tmp/git-ssh-cafrecode-production-frederick.sh" ; /usr/bin/env mkdir -p /home/frederick/sites/cafrecode/releases/20201018041153 )
  INFO [1bae4c67] Finished in 1.331 seconds with exit status 0 (successful).
  INFO [008d1878] Running /usr/bin/env git archive develop | /usr/bin/env tar -x -f - -C /home/frederick/sites/cafrecode/releases/20201018041153 as frederick@psm.hsemanagementsoftware.com
 DEBUG [008d1878] Command: cd /home/frederick/sites/cafrecode/repo && ( export GIT_ASKPASS="/bin/echo" GIT_SSH="/tmp/git-ssh-cafrecode-production-frederick.sh" ; /usr/bin/env git archive develop | /usr/bin/env tar -x -f - -C /home/frederick/sites/cafrecode/releases/20201018041153 )
  INFO [008d1878] Finished in 1.303 seconds with exit status 0 (successful).
 DEBUG [afad362b] Running if test ! -d /home/frederick/sites/cafrecode/repo; then echo "Directory does not exist '/home/frederick/sites/cafrecode/repo'" 1>&2; false; fi as frederick@psm.hsemanagementsoftware.com
 DEBUG [afad362b] Command: if test ! -d /home/frederick/sites/cafrecode/repo; then echo "Directory does not exist '/home/frederick/sites/cafrecode/repo'" 1>&2; false; fi
 DEBUG [afad362b] Finished in 4.839 seconds with exit status 0 (successful).
 DEBUG [5151fcea] Running /usr/bin/env git rev-list --max-count=1 develop as frederick@psm.hsemanagementsoftware.com
 DEBUG [5151fcea] Command: cd /home/frederick/sites/cafrecode/repo && ( export GIT_ASKPASS="/bin/echo" GIT_SSH="/tmp/git-ssh-cafrecode-production-frederick.sh" ; /usr/bin/env git rev-list --max-count=1 develop )
 DEBUG [5151fcea] 	db16fda9c49b078df979f27c427b5dc80fb60cc4
 DEBUG [5151fcea] Finished in 1.229 seconds with exit status 0 (successful).
 DEBUG [7be0b8cf] Running if test ! -d /home/frederick/sites/cafrecode/releases/20201018041153; then echo "Directory does not exist '/home/frederick/sites/cafrecode/releases/20201018041153'" 1>&2; false; fi as frederick@psm.hsemanagementsoftware.com
 DEBUG [7be0b8cf] Command: if test ! -d /home/frederick/sites/cafrecode/releases/20201018041153; then echo "Directory does not exist '/home/frederick/sites/cafrecode/releases/20201018041153'" 1>&2; false; fi
 DEBUG [7be0b8cf] Finished in 6.040 seconds with exit status 0 (successful).
  INFO [6e382d85] Running /usr/bin/env echo "db16fda9c49b078df979f27c427b5dc80fb60cc4" > REVISION as frederick@psm.hsemanagementsoftware.com
 DEBUG [6e382d85] Command: cd /home/frederick/sites/cafrecode/releases/20201018041153 && /usr/bin/env echo "db16fda9c49b078df979f27c427b5dc80fb60cc4" > REVISION
  INFO [6e382d85] Finished in 1.335 seconds with exit status 0 (successful).
  INFO [7210bca6] Running /usr/bin/env ln -s /home/frederick/sites/cafrecode/releases/20201018041153 /home/frederick/sites/cafrecode/releases/current as frederick@psm.hsemanagementsoftware.com
 DEBUG [7210bca6] Command: /usr/bin/env ln -s /home/frederick/sites/cafrecode/releases/20201018041153 /home/frederick/sites/cafrecode/releases/current
  INFO [7210bca6] Finished in 4.625 seconds with exit status 0 (successful).
  INFO [82906be9] Running /usr/bin/env mv /home/frederick/sites/cafrecode/releases/current /home/frederick/sites/cafrecode as frederick@psm.hsemanagementsoftware.com
 DEBUG [82906be9] Command: /usr/bin/env mv /home/frederick/sites/cafrecode/releases/current /home/frederick/sites/cafrecode
  INFO [82906be9] Finished in 2.561 seconds with exit status 0 (successful).
 DEBUG [9bf66b97] Running /usr/bin/env ls -x /home/frederick/sites/cafrecode/releases as frederick@psm.hsemanagementsoftware.com
 DEBUG [9bf66b97] Command: /usr/bin/env ls -x /home/frederick/sites/cafrecode/releases
 DEBUG [9bf66b97] 	20201018041153
 DEBUG [9bf66b97] Finished in 8.374 seconds with exit status 0 (successful).
 DEBUG [936067b2] Running if test ! -d /home/frederick/sites/cafrecode/releases; then echo "Directory does not exist '/home/frederick/sites/cafrecode/releases'" 1>&2; false; fi as frederick@psm.hsemanagementsoftware.com
 DEBUG [936067b2] Command: if test ! -d /home/frederick/sites/cafrecode/releases; then echo "Directory does not exist '/home/frederick/sites/cafrecode/releases'" 1>&2; false; fi
 DEBUG [936067b2] Finished in 11.426 seconds with exit status 0 (successful).
  INFO [5ac7dbc2] Running /usr/bin/env echo "Branch develop (at db16fda9c49b078df979f27c427b5dc80fb60cc4) deployed as release 20201018041153 by frederick" >> /home/frederick/sites/cafrecode/revisions.log as frederick@psm.hsemanagementsoftware.com
 DEBUG [5ac7dbc2] Command: cd /home/frederick/sites/cafrecode/releases && /usr/bin/env echo "Branch develop (at db16fda9c49b078df979f27c427b5dc80fb60cc4) deployed as release 20201018041153 by frederick" >> /home/frederick/sites/cafrecode/revisions.log
  INFO [5ac7dbc2] Finished in 1.215 seconds with exit status 0 (successful).
  INFO ---------------------------------------------------------------------------
  INFO START 2020-10-18 07:23:56 +0300 cap production deploy
  INFO ---------------------------------------------------------------------------
  INFO [5acb3174] Running /usr/bin/env mkdir -p /tmp as frederick@dev.cafrecode.co.ke
 DEBUG [5acb3174] Command: /usr/bin/env mkdir -p /tmp
  INFO [5acb3174] Finished in 4.613 seconds with exit status 0 (successful).
 DEBUG Uploading /tmp/git-ssh-cafrecode-production-frederick.sh 0.0%
  INFO Uploading /tmp/git-ssh-cafrecode-production-frederick.sh 100.0%
  INFO [1b28c91d] Running /usr/bin/env chmod 700 /tmp/git-ssh-cafrecode-production-frederick.sh as frederick@dev.cafrecode.co.ke
 DEBUG [1b28c91d] Command: /usr/bin/env chmod 700 /tmp/git-ssh-cafrecode-production-frederick.sh
  INFO [1b28c91d] Finished in 1.246 seconds with exit status 0 (successful).
  INFO [ea488132] Running /usr/bin/env git ls-remote git@github.com:nightcrawler-/nightcrawler-.github.io.git HEAD as frederick@dev.cafrecode.co.ke
 DEBUG [ea488132] Command: ( export GIT_ASKPASS="/bin/echo" GIT_SSH="/tmp/git-ssh-cafrecode-production-frederick.sh" ; /usr/bin/env git ls-remote git@github.com:nightcrawler-/nightcrawler-.github.io.git HEAD )
 DEBUG [ea488132] 	Warning: Permanently added 'github.com,140.82.112.3' (RSA) to the list of known hosts.
 DEBUG [ea488132] 	a11786a379e404b85b8334ce4237db5155e478ed	HEAD
  INFO [ea488132] Finished in 6.983 seconds with exit status 0 (successful).
  INFO [d2f3a644] Running /usr/bin/env mkdir -p /home/frederick/sites/cafrecode/shared /home/frederick/sites/cafrecode/releases as frederick@dev.cafrecode.co.ke
 DEBUG [d2f3a644] Command: /usr/bin/env mkdir -p /home/frederick/sites/cafrecode/shared /home/frederick/sites/cafrecode/releases
  INFO [d2f3a644] Finished in 4.566 seconds with exit status 0 (successful).
 DEBUG [947c96a2] Running [ -f /home/frederick/sites/cafrecode/current/REVISION ] as frederick@dev.cafrecode.co.ke
 DEBUG [947c96a2] Command: [ -f /home/frederick/sites/cafrecode/current/REVISION ]
 DEBUG [947c96a2] Finished in 13.522 seconds with exit status 1 (failed).
 DEBUG [86c4c1af] Running [ -f /home/frederick/sites/cafrecode/repo/HEAD ] as frederick@dev.cafrecode.co.ke
 DEBUG [86c4c1af] Command: [ -f /home/frederick/sites/cafrecode/repo/HEAD ]
 DEBUG [86c4c1af] Finished in 5.304 seconds with exit status 1 (failed).
 DEBUG [387f94f5] Running if test ! -d /home/frederick/sites/cafrecode; then echo "Directory does not exist '/home/frederick/sites/cafrecode'" 1>&2; false; fi as frederick@dev.cafrecode.co.ke
 DEBUG [387f94f5] Command: if test ! -d /home/frederick/sites/cafrecode; then echo "Directory does not exist '/home/frederick/sites/cafrecode'" 1>&2; false; fi
 DEBUG [387f94f5] Finished in 3.505 seconds with exit status 0 (successful).
  INFO [76112fc8] Running /usr/bin/env git clone --mirror git@github.com:nightcrawler-/nightcrawler-.github.io.git /home/frederick/sites/cafrecode/repo as frederick@dev.cafrecode.co.ke
 DEBUG [76112fc8] Command: cd /home/frederick/sites/cafrecode && ( export GIT_ASKPASS="/bin/echo" GIT_SSH="/tmp/git-ssh-cafrecode-production-frederick.sh" ; /usr/bin/env git clone --mirror git@github.com:nightcrawler-/nightcrawler-.github.io.git /home/frederick/sites/cafrecode/repo )
 DEBUG [76112fc8] 	Cloning into bare repository '/home/frederick/sites/cafrecode/repo'...
  INFO [76112fc8] Finished in 10.215 seconds with exit status 0 (successful).
 DEBUG [8b0471f8] Running if test ! -d /home/frederick/sites/cafrecode/repo; then echo "Directory does not exist '/home/frederick/sites/cafrecode/repo'" 1>&2; false; fi as frederick@dev.cafrecode.co.ke
 DEBUG [8b0471f8] Command: if test ! -d /home/frederick/sites/cafrecode/repo; then echo "Directory does not exist '/home/frederick/sites/cafrecode/repo'" 1>&2; false; fi
 DEBUG [8b0471f8] Finished in 4.601 seconds with exit status 0 (successful).
  INFO [9a95e8b8] Running /usr/bin/env git remote set-url origin git@github.com:nightcrawler-/nightcrawler-.github.io.git as frederick@dev.cafrecode.co.ke
 DEBUG [9a95e8b8] Command: cd /home/frederick/sites/cafrecode/repo && ( export GIT_ASKPASS="/bin/echo" GIT_SSH="/tmp/git-ssh-cafrecode-production-frederick.sh" ; /usr/bin/env git remote set-url origin git@github.com:nightcrawler-/nightcrawler-.github.io.git )
  INFO [9a95e8b8] Finished in 2.794 seconds with exit status 0 (successful).
  INFO [b9fded7b] Running /usr/bin/env git remote update --prune as frederick@dev.cafrecode.co.ke
 DEBUG [b9fded7b] Command: cd /home/frederick/sites/cafrecode/repo && ( export GIT_ASKPASS="/bin/echo" GIT_SSH="/tmp/git-ssh-cafrecode-production-frederick.sh" ; /usr/bin/env git remote update --prune )
 DEBUG [b9fded7b] 	Fetching origin
  INFO [b9fded7b] Finished in 3.056 seconds with exit status 0 (successful).
 DEBUG [8e656b1e] Running if test ! -d /home/frederick/sites/cafrecode/repo; then echo "Directory does not exist '/home/frederick/sites/cafrecode/repo'" 1>&2; false; fi as frederick@dev.cafrecode.co.ke
 DEBUG [8e656b1e] Command: if test ! -d /home/frederick/sites/cafrecode/repo; then echo "Directory does not exist '/home/frederick/sites/cafrecode/repo'" 1>&2; false; fi
 DEBUG [8e656b1e] Finished in 4.350 seconds with exit status 0 (successful).
  INFO [b52d8b1e] Running /usr/bin/env mkdir -p /home/frederick/sites/cafrecode/releases/20201018042432 as frederick@dev.cafrecode.co.ke
 DEBUG [b52d8b1e] Command: cd /home/frederick/sites/cafrecode/repo && ( export GIT_ASKPASS="/bin/echo" GIT_SSH="/tmp/git-ssh-cafrecode-production-frederick.sh" ; /usr/bin/env mkdir -p /home/frederick/sites/cafrecode/releases/20201018042432 )
  INFO [b52d8b1e] Finished in 1.115 seconds with exit status 0 (successful).
  INFO [52f16ba5] Running /usr/bin/env git archive develop | /usr/bin/env tar -x -f - -C /home/frederick/sites/cafrecode/releases/20201018042432 as frederick@dev.cafrecode.co.ke
 DEBUG [52f16ba5] Command: cd /home/frederick/sites/cafrecode/repo && ( export GIT_ASKPASS="/bin/echo" GIT_SSH="/tmp/git-ssh-cafrecode-production-frederick.sh" ; /usr/bin/env git archive develop | /usr/bin/env tar -x -f - -C /home/frederick/sites/cafrecode/releases/20201018042432 )
  INFO [52f16ba5] Finished in 1.760 seconds with exit status 0 (successful).
 DEBUG [e62ca161] Running if test ! -d /home/frederick/sites/cafrecode/repo; then echo "Directory does not exist '/home/frederick/sites/cafrecode/repo'" 1>&2; false; fi as frederick@dev.cafrecode.co.ke
 DEBUG [e62ca161] Command: if test ! -d /home/frederick/sites/cafrecode/repo; then echo "Directory does not exist '/home/frederick/sites/cafrecode/repo'" 1>&2; false; fi
 DEBUG [e62ca161] Finished in 4.402 seconds with exit status 0 (successful).
 DEBUG [c58daaca] Running /usr/bin/env git rev-list --max-count=1 develop as frederick@dev.cafrecode.co.ke
 DEBUG [c58daaca] Command: cd /home/frederick/sites/cafrecode/repo && ( export GIT_ASKPASS="/bin/echo" GIT_SSH="/tmp/git-ssh-cafrecode-production-frederick.sh" ; /usr/bin/env git rev-list --max-count=1 develop )
 DEBUG [c58daaca] 	e2a6fb5e18b7abe90f66e9bb82c56860e04c9fcf
 DEBUG [c58daaca] Finished in 1.159 seconds with exit status 0 (successful).
 DEBUG [d6b8ad6e] Running if test ! -d /home/frederick/sites/cafrecode/releases/20201018042432; then echo "Directory does not exist '/home/frederick/sites/cafrecode/releases/20201018042432'" 1>&2; false; fi as frederick@dev.cafrecode.co.ke
 DEBUG [d6b8ad6e] Command: if test ! -d /home/frederick/sites/cafrecode/releases/20201018042432; then echo "Directory does not exist '/home/frederick/sites/cafrecode/releases/20201018042432'" 1>&2; false; fi
 DEBUG [d6b8ad6e] Finished in 4.607 seconds with exit status 0 (successful).
  INFO [7f702aaf] Running /usr/bin/env echo "e2a6fb5e18b7abe90f66e9bb82c56860e04c9fcf" > REVISION as frederick@dev.cafrecode.co.ke
 DEBUG [7f702aaf] Command: cd /home/frederick/sites/cafrecode/releases/20201018042432 && /usr/bin/env echo "e2a6fb5e18b7abe90f66e9bb82c56860e04c9fcf" > REVISION
  INFO [7f702aaf] Finished in 1.229 seconds with exit status 0 (successful).
  INFO [1fa693c5] Running /usr/bin/env ln -s /home/frederick/sites/cafrecode/releases/20201018042432 /home/frederick/sites/cafrecode/releases/current as frederick@dev.cafrecode.co.ke
 DEBUG [1fa693c5] Command: /usr/bin/env ln -s /home/frederick/sites/cafrecode/releases/20201018042432 /home/frederick/sites/cafrecode/releases/current
  INFO [1fa693c5] Finished in 4.607 seconds with exit status 0 (successful).
  INFO [d6f5ee7e] Running /usr/bin/env mv /home/frederick/sites/cafrecode/releases/current /home/frederick/sites/cafrecode as frederick@dev.cafrecode.co.ke
 DEBUG [d6f5ee7e] Command: /usr/bin/env mv /home/frederick/sites/cafrecode/releases/current /home/frederick/sites/cafrecode
  INFO [d6f5ee7e] Finished in 2.588 seconds with exit status 0 (successful).
 DEBUG [9f9b4cf1] Running /usr/bin/env ls -x /home/frederick/sites/cafrecode/releases as frederick@dev.cafrecode.co.ke
 DEBUG [9f9b4cf1] Command: /usr/bin/env ls -x /home/frederick/sites/cafrecode/releases
 DEBUG [9f9b4cf1] 	20201018042432
 DEBUG [9f9b4cf1] Finished in 10.310 seconds with exit status 0 (successful).
 DEBUG [ead47181] Running if test ! -d /home/frederick/sites/cafrecode/releases; then echo "Directory does not exist '/home/frederick/sites/cafrecode/releases'" 1>&2; false; fi as frederick@dev.cafrecode.co.ke
 DEBUG [ead47181] Command: if test ! -d /home/frederick/sites/cafrecode/releases; then echo "Directory does not exist '/home/frederick/sites/cafrecode/releases'" 1>&2; false; fi
 DEBUG [ead47181] Finished in 11.467 seconds with exit status 0 (successful).
  INFO [4a620a76] Running /usr/bin/env echo "Branch develop (at e2a6fb5e18b7abe90f66e9bb82c56860e04c9fcf) deployed as release 20201018042432 by frederick" >> /home/frederick/sites/cafrecode/revisions.log as frederick@dev.cafrecode.co.ke
 DEBUG [4a620a76] Command: cd /home/frederick/sites/cafrecode/releases && /usr/bin/env echo "Branch develop (at e2a6fb5e18b7abe90f66e9bb82c56860e04c9fcf) deployed as release 20201018042432 by frederick" >> /home/frederick/sites/cafrecode/revisions.log
  INFO [4a620a76] Finished in 7.372 seconds with exit status 0 (successful).
